  [1m[35m (3.0ms)[0m  [1m[34mSELECT "schema_migrations"."version" FROM "schema_migrations" ORDER BY "schema_migrations"."version" ASC[0m
  [1m[35m (0.6ms)[0m  [1m[34mSELECT "ar_internal_metadata"."value" FROM "ar_internal_metadata" WHERE "ar_internal_metadata"."key" = $1[0m  [["key", "environment"]]
  [1m[35m (0.4ms)[0m  [1m[34mSELECT "schema_migrations"."version" FROM "schema_migrations" ORDER BY "schema_migrations"."version" ASC[0m
  [1m[35m (0.3ms)[0m  [1m[34mSELECT "ar_internal_metadata"."value" FROM "ar_internal_metadata" WHERE "ar_internal_metadata"."key" = $1[0m  [["key", "environment"]]
  [1m[35m (0.3ms)[0m  [1m[34mSELECT "schema_migrations"."version" FROM "schema_migrations" ORDER BY "schema_migrations"."version" ASC[0m
  [1m[35m (0.3ms)[0m  [1m[34mSELECT "ar_internal_metadata"."value" FROM "ar_internal_metadata" WHERE "ar_internal_metadata"."key" = $1[0m  [["key", "environment"]]
  [1m[35m (140.6ms)[0m  [1m[35mDROP DATABASE IF EXISTS "server_development"[0m
  [1m[35m (133.1ms)[0m  [1m[35mDROP DATABASE IF EXISTS "server_test"[0m
  [1m[35m (450.1ms)[0m  [1m[35mCREATE DATABASE "server_development" ENCODING = 'unicode'[0m
  [1m[35m (288.8ms)[0m  [1m[35mCREATE DATABASE "server_test" ENCODING = 'unicode'[0m
  [1m[35mSQL (0.5ms)[0m  [1m[35mCREATE EXTENSION IF NOT EXISTS "plpgsql"[0m
  [1m[35m (0.4ms)[0m  [1m[35mDROP TABLE IF EXISTS "nodes" CASCADE[0m
  [1m[35m (13.2ms)[0m  [1m[35mCREATE TABLE "nodes" ("id" bigserial primary key, "title" character varying, "body" text, "space_id" bigint, "parent_id" bigint, "created_at" timestamp NOT NULL, "updated_at" timestamp NOT NULL)[0m
  [1m[35m (1.6ms)[0m  [1m[35mCREATE  INDEX  "index_nodes_on_parent_id" ON "nodes"  ("parent_id")[0m
  [1m[35m (1.5ms)[0m  [1m[35mCREATE  INDEX  "index_nodes_on_space_id" ON "nodes"  ("space_id")[0m
  [1m[35m (0.2ms)[0m  [1m[35mDROP TABLE IF EXISTS "spaces" CASCADE[0m
  [1m[35m (5.2ms)[0m  [1m[35mCREATE TABLE "spaces" ("id" bigserial primary key, "title" character varying, "creator" character varying, "created_at" timestamp NOT NULL, "updated_at" timestamp NOT NULL)[0m
  [1m[35m (3.4ms)[0m  [1m[35mALTER TABLE "nodes" ADD CONSTRAINT "fk_rails_70125468a8"
FOREIGN KEY ("space_id")
  REFERENCES "spaces" ("id")
[0m
  [1m[35m (4.4ms)[0m  [1m[35mCREATE TABLE "schema_migrations" ("version" character varying NOT NULL PRIMARY KEY)[0m
  [1m[35m (1.0ms)[0m  [1m[34mSELECT "schema_migrations"."version" FROM "schema_migrations" ORDER BY "schema_migrations"."version" ASC[0m
  [1m[35m (1.0ms)[0m  [1m[32mINSERT INTO "schema_migrations" (version) VALUES (20170620140911)[0m
  [1m[35m (0.5ms)[0m  [1m[32mINSERT INTO "schema_migrations" (version) VALUES
(20170620140745);

[0m
  [1m[35m (4.6ms)[0m  [1m[35mCREATE TABLE "ar_internal_metadata" ("key" character varying NOT NULL PRIMARY KEY, "value" character varying, "created_at" timestamp NOT NULL, "updated_at" timestamp NOT NULL)[0m
  [1m[36mActiveRecord::InternalMetadata Load (0.5ms)[0m  [1m[34mSELECT  "ar_internal_metadata".* FROM "ar_internal_metadata" WHERE "ar_internal_metadata"."key" = $1 LIMIT $2[0m  [["key", "environment"], ["LIMIT", 1]]
  [1m[35m (0.2ms)[0m  [1m[35mBEGIN[0m
  [1m[35mSQL (0.6ms)[0m  [1m[32mINSERT INTO "ar_internal_metadata" ("key", "value", "created_at", "updated_at") VALUES ($1, $2, $3, $4) RETURNING "key"[0m  [["key", "environment"], ["value", "development"], ["created_at", "2017-06-20 20:16:28.781639"], ["updated_at", "2017-06-20 20:16:28.781639"]]
  [1m[35m (0.4ms)[0m  [1m[35mCOMMIT[0m
  [1m[36mActiveRecord::InternalMetadata Load (0.4ms)[0m  [1m[34mSELECT  "ar_internal_metadata".* FROM "ar_internal_metadata" WHERE "ar_internal_metadata"."key" = $1 LIMIT $2[0m  [["key", "environment"], ["LIMIT", 1]]
  [1m[35m (0.1ms)[0m  [1m[35mBEGIN[0m
  [1m[35m (0.1ms)[0m  [1m[35mCOMMIT[0m
  [1m[35mSQL (0.8ms)[0m  [1m[35mCREATE EXTENSION IF NOT EXISTS "plpgsql"[0m
  [1m[35m (0.4ms)[0m  [1m[35mDROP TABLE IF EXISTS "nodes" CASCADE[0m
  [1m[35m (9.9ms)[0m  [1m[35mCREATE TABLE "nodes" ("id" bigserial primary key, "title" character varying, "body" text, "space_id" bigint, "parent_id" bigint, "created_at" timestamp NOT NULL, "updated_at" timestamp NOT NULL)[0m
  [1m[35m (1.6ms)[0m  [1m[35mCREATE  INDEX  "index_nodes_on_parent_id" ON "nodes"  ("parent_id")[0m
  [1m[35m (1.5ms)[0m  [1m[35mCREATE  INDEX  "index_nodes_on_space_id" ON "nodes"  ("space_id")[0m
  [1m[35m (0.2ms)[0m  [1m[35mDROP TABLE IF EXISTS "spaces" CASCADE[0m
  [1m[35m (5.8ms)[0m  [1m[35mCREATE TABLE "spaces" ("id" bigserial primary key, "title" character varying, "creator" character varying, "created_at" timestamp NOT NULL, "updated_at" timestamp NOT NULL)[0m
  [1m[35m (7.8ms)[0m  [1m[35mALTER TABLE "nodes" ADD CONSTRAINT "fk_rails_70125468a8"
FOREIGN KEY ("space_id")
  REFERENCES "spaces" ("id")
[0m
  [1m[35m (3.8ms)[0m  [1m[35mCREATE TABLE "schema_migrations" ("version" character varying NOT NULL PRIMARY KEY)[0m
  [1m[35m (0.8ms)[0m  [1m[34mSELECT "schema_migrations"."version" FROM "schema_migrations" ORDER BY "schema_migrations"."version" ASC[0m
  [1m[35m (0.7ms)[0m  [1m[32mINSERT INTO "schema_migrations" (version) VALUES (20170620140911)[0m
  [1m[35m (0.5ms)[0m  [1m[32mINSERT INTO "schema_migrations" (version) VALUES
(20170620140745);

[0m
  [1m[35m (4.1ms)[0m  [1m[35mCREATE TABLE "ar_internal_metadata" ("key" character varying NOT NULL PRIMARY KEY, "value" character varying, "created_at" timestamp NOT NULL, "updated_at" timestamp NOT NULL)[0m
  [1m[36mActiveRecord::InternalMetadata Load (0.5ms)[0m  [1m[34mSELECT  "ar_internal_metadata".* FROM "ar_internal_metadata" WHERE "ar_internal_metadata"."key" = $1 LIMIT $2[0m  [["key", "environment"], ["LIMIT", 1]]
  [1m[35m (0.1ms)[0m  [1m[35mBEGIN[0m
  [1m[35mSQL (0.5ms)[0m  [1m[32mINSERT INTO "ar_internal_metadata" ("key", "value", "created_at", "updated_at") VALUES ($1, $2, $3, $4) RETURNING "key"[0m  [["key", "environment"], ["value", "development"], ["created_at", "2017-06-20 20:16:28.878484"], ["updated_at", "2017-06-20 20:16:28.878484"]]
  [1m[35m (0.4ms)[0m  [1m[35mCOMMIT[0m
  [1m[36mActiveRecord::InternalMetadata Load (0.4ms)[0m  [1m[34mSELECT  "ar_internal_metadata".* FROM "ar_internal_metadata" WHERE "ar_internal_metadata"."key" = $1 LIMIT $2[0m  [["key", "environment"], ["LIMIT", 1]]
  [1m[35m (0.1ms)[0m  [1m[35mBEGIN[0m
  [1m[35m (0.2ms)[0m  [1m[35mCOMMIT[0m
  [1m[35m (1.1ms)[0m  [1m[34mSELECT "schema_migrations"."version" FROM "schema_migrations" ORDER BY "schema_migrations"."version" ASC[0m
  [1m[35m (0.2ms)[0m  [1m[35mBEGIN[0m
  [1m[35mSQL (1.6ms)[0m  [1m[32mINSERT INTO "spaces" ("title", "creator", "created_at", "updated_at") VALUES ($1, $2, $3, $4) RETURNING "id"[0m  [["title", "My Cool Space"], ["creator", "Annee"], ["created_at", "2017-06-20 20:16:28.944958"], ["updated_at", "2017-06-20 20:16:28.944958"]]
  [1m[35m (0.7ms)[0m  [1m[35mCOMMIT[0m
  [1m[35m (0.2ms)[0m  [1m[35mBEGIN[0m
  [1m[35mSQL (2.6ms)[0m  [1m[32mINSERT INTO "nodes" ("title", "body", "space_id", "created_at", "updated_at") VALUES ($1, $2, $3, $4, $5) RETURNING "id"[0m  [["title", "God Node"], ["body", "I have no parent"], ["space_id", 1], ["created_at", "2017-06-20 20:16:28.998234"], ["updated_at", "2017-06-20 20:16:28.998234"]]
  [1m[35m (0.5ms)[0m  [1m[35mCOMMIT[0m
  [1m[35m (0.1ms)[0m  [1m[35mBEGIN[0m
  [1m[35mSQL (0.7ms)[0m  [1m[32mINSERT INTO "nodes" ("title", "body", "space_id", "created_at", "updated_at") VALUES ($1, $2, $3, $4, $5) RETURNING "id"[0m  [["title", "Child Node 1"], ["body", "I am a child"], ["space_id", 1], ["created_at", "2017-06-20 20:16:29.004399"], ["updated_at", "2017-06-20 20:16:29.004399"]]
  [1m[35mSQL (0.5ms)[0m  [1m[32mINSERT INTO "nodes" ("title", "body", "space_id", "created_at", "updated_at") VALUES ($1, $2, $3, $4, $5) RETURNING "id"[0m  [["title", "Child Node 2"], ["body", "I am also a child"], ["space_id", 1], ["created_at", "2017-06-20 20:16:29.006473"], ["updated_at", "2017-06-20 20:16:29.006473"]]
  [1m[35mSQL (0.7ms)[0m  [1m[32mINSERT INTO "nodes" ("title", "body", "space_id", "created_at", "updated_at") VALUES ($1, $2, $3, $4, $5) RETURNING "id"[0m  [["title", "Child Node 3"], ["body", "I am a child 3"], ["space_id", 1], ["created_at", "2017-06-20 20:16:29.008071"], ["updated_at", "2017-06-20 20:16:29.008071"]]
  [1m[35mSQL (0.6ms)[0m  [1m[32mINSERT INTO "nodes" ("title", "body", "space_id", "created_at", "updated_at") VALUES ($1, $2, $3, $4, $5) RETURNING "id"[0m  [["title", "Child Node 4"], ["body", "I am a child 4"], ["space_id", 1], ["created_at", "2017-06-20 20:16:29.010438"], ["updated_at", "2017-06-20 20:16:29.010438"]]
  [1m[35m (0.5ms)[0m  [1m[35mCOMMIT[0m
  [1m[35m (0.1ms)[0m  [1m[35mBEGIN[0m
  [1m[35mSQL (1.1ms)[0m  [1m[33mUPDATE "nodes" SET "parent_id" = $1, "updated_at" = $2 WHERE "nodes"."id" = $3[0m  [["parent_id", 1], ["updated_at", "2017-06-20 20:16:29.014240"], ["id", 2]]
  [1m[35mSQL (0.5ms)[0m  [1m[33mUPDATE "nodes" SET "parent_id" = $1, "updated_at" = $2 WHERE "nodes"."id" = $3[0m  [["parent_id", 1], ["updated_at", "2017-06-20 20:16:29.017371"], ["id", 3]]
  [1m[35m (0.5ms)[0m  [1m[35mCOMMIT[0m
  [1m[35m (0.1ms)[0m  [1m[35mBEGIN[0m
  [1m[35mSQL (0.5ms)[0m  [1m[33mUPDATE "nodes" SET "parent_id" = $1, "updated_at" = $2 WHERE "nodes"."id" = $3[0m  [["parent_id", 2], ["updated_at", "2017-06-20 20:16:29.020567"], ["id", 4]]
  [1m[35m (0.5ms)[0m  [1m[35mCOMMIT[0m
  [1m[35m (0.1ms)[0m  [1m[35mBEGIN[0m
  [1m[35mSQL (0.5ms)[0m  [1m[33mUPDATE "nodes" SET "parent_id" = $1, "updated_at" = $2 WHERE "nodes"."id" = $3[0m  [["parent_id", 3], ["updated_at", "2017-06-20 20:16:29.023505"], ["id", 5]]
  [1m[35m (0.4ms)[0m  [1m[35mCOMMIT[0m
  [1m[35m (0.1ms)[0m  [1m[35mBEGIN[0m
  [1m[35mSQL (0.4ms)[0m  [1m[32mINSERT INTO "spaces" ("title", "creator", "created_at", "updated_at") VALUES ($1, $2, $3, $4) RETURNING "id"[0m  [["title", "My Cool Space 2"], ["creator", "Annee 2"], ["created_at", "2017-06-20 20:16:29.026005"], ["updated_at", "2017-06-20 20:16:29.026005"]]
  [1m[35m (0.4ms)[0m  [1m[35mCOMMIT[0m
  [1m[35m (0.1ms)[0m  [1m[35mBEGIN[0m
  [1m[35mSQL (0.6ms)[0m  [1m[32mINSERT INTO "nodes" ("title", "body", "space_id", "created_at", "updated_at") VALUES ($1, $2, $3, $4, $5) RETURNING "id"[0m  [["title", "God Node 2"], ["body", "I have no parent 2"], ["space_id", 2], ["created_at", "2017-06-20 20:16:29.029603"], ["updated_at", "2017-06-20 20:16:29.029603"]]
  [1m[35m (0.5ms)[0m  [1m[35mCOMMIT[0m
  [1m[35m (0.2ms)[0m  [1m[35mBEGIN[0m
  [1m[35mSQL (0.6ms)[0m  [1m[32mINSERT INTO "nodes" ("title", "body", "space_id", "created_at", "updated_at") VALUES ($1, $2, $3, $4, $5) RETURNING "id"[0m  [["title", "Child Node 1 - 2"], ["body", "I am a child - 2"], ["space_id", 2], ["created_at", "2017-06-20 20:16:29.032658"], ["updated_at", "2017-06-20 20:16:29.032658"]]
  [1m[35mSQL (0.4ms)[0m  [1m[32mINSERT INTO "nodes" ("title", "body", "space_id", "created_at", "updated_at") VALUES ($1, $2, $3, $4, $5) RETURNING "id"[0m  [["title", "Child Node 2 - 2"], ["body", "I am also a child - 2"], ["space_id", 2], ["created_at", "2017-06-20 20:16:29.034890"], ["updated_at", "2017-06-20 20:16:29.034890"]]
  [1m[35mSQL (0.4ms)[0m  [1m[32mINSERT INTO "nodes" ("title", "body", "space_id", "created_at", "updated_at") VALUES ($1, $2, $3, $4, $5) RETURNING "id"[0m  [["title", "Child Node 3 - 2"], ["body", "I am a child 3 - 2"], ["space_id", 2], ["created_at", "2017-06-20 20:16:29.036479"], ["updated_at", "2017-06-20 20:16:29.036479"]]
  [1m[35mSQL (0.4ms)[0m  [1m[32mINSERT INTO "nodes" ("title", "body", "space_id", "created_at", "updated_at") VALUES ($1, $2, $3, $4, $5) RETURNING "id"[0m  [["title", "Child Node 4 - 2"], ["body", "I am a child 4 - 2"], ["space_id", 2], ["created_at", "2017-06-20 20:16:29.038001"], ["updated_at", "2017-06-20 20:16:29.038001"]]
  [1m[35m (0.6ms)[0m  [1m[35mCOMMIT[0m
  [1m[35m (0.2ms)[0m  [1m[35mBEGIN[0m
  [1m[35mSQL (0.8ms)[0m  [1m[33mUPDATE "nodes" SET "parent_id" = $1, "updated_at" = $2 WHERE "nodes"."id" = $3[0m  [["parent_id", 6], ["updated_at", "2017-06-20 20:16:29.042285"], ["id", 7]]
  [1m[35mSQL (0.6ms)[0m  [1m[33mUPDATE "nodes" SET "parent_id" = $1, "updated_at" = $2 WHERE "nodes"."id" = $3[0m  [["parent_id", 6], ["updated_at", "2017-06-20 20:16:29.045037"], ["id", 8]]
  [1m[35m (0.5ms)[0m  [1m[35mCOMMIT[0m
  [1m[35m (0.2ms)[0m  [1m[35mBEGIN[0m
  [1m[35mSQL (0.5ms)[0m  [1m[33mUPDATE "nodes" SET "parent_id" = $1, "updated_at" = $2 WHERE "nodes"."id" = $3[0m  [["parent_id", 7], ["updated_at", "2017-06-20 20:16:29.048685"], ["id", 9]]
  [1m[35m (0.4ms)[0m  [1m[35mCOMMIT[0m
  [1m[35m (0.2ms)[0m  [1m[35mBEGIN[0m
  [1m[35mSQL (0.6ms)[0m  [1m[33mUPDATE "nodes" SET "parent_id" = $1, "updated_at" = $2 WHERE "nodes"."id" = $3[0m  [["parent_id", 8], ["updated_at", "2017-06-20 20:16:29.051972"], ["id", 10]]
  [1m[35m (0.5ms)[0m  [1m[35mCOMMIT[0m
Started GET "/api/v1/spaces/" for 127.0.0.1 at 2017-06-20 16:16:44 -0400
  [1m[35m (1.0ms)[0m  [1m[34mSELECT "schema_migrations"."version" FROM "schema_migrations" ORDER BY "schema_migrations"."version" ASC[0m
  
ActionController::RoutingError (No route matches [GET] "/api/v1/spaces"):
  
actionpack (5.1.1) lib/action_dispatch/middleware/debug_exceptions.rb:63:in `call'
web-console (3.5.1) lib/web_console/middleware.rb:135:in `call_app'
web-console (3.5.1) lib/web_console/middleware.rb:28:in `block in call'
web-console (3.5.1) lib/web_console/middleware.rb:18:in `catch'
web-console (3.5.1) lib/web_console/middleware.rb:18:in `call'
actionpack (5.1.1) lib/action_dispatch/middleware/show_exceptions.rb:31:in `call'
railties (5.1.1) lib/rails/rack/logger.rb:36:in `call_app'
railties (5.1.1) lib/rails/rack/logger.rb:24:in `block in call'
activesupport (5.1.1) lib/active_support/tagged_logging.rb:69:in `block in tagged'
activesupport (5.1.1) lib/active_support/tagged_logging.rb:26:in `tagged'
activesupport (5.1.1) lib/active_support/tagged_logging.rb:69:in `tagged'
railties (5.1.1) lib/rails/rack/logger.rb:24:in `call'
actionpack (5.1.1) lib/action_dispatch/middleware/remote_ip.rb:79:in `call'
actionpack (5.1.1) lib/action_dispatch/middleware/request_id.rb:25:in `call'
rack (2.0.3) lib/rack/runtime.rb:22:in `call'
activesupport (5.1.1) lib/active_support/cache/strategy/local_cache_middleware.rb:27:in `call'
actionpack (5.1.1) lib/action_dispatch/middleware/executor.rb:12:in `call'
actionpack (5.1.1) lib/action_dispatch/middleware/static.rb:125:in `call'
rack (2.0.3) lib/rack/sendfile.rb:111:in `call'
rack-cors (0.4.1) lib/rack/cors.rb:81:in `call'
railties (5.1.1) lib/rails/engine.rb:522:in `call'
puma (3.9.1) lib/puma/configuration.rb:224:in `call'
puma (3.9.1) lib/puma/server.rb:602:in `handle_request'
puma (3.9.1) lib/puma/server.rb:435:in `process_client'
puma (3.9.1) lib/puma/server.rb:299:in `block in run'
puma (3.9.1) lib/puma/thread_pool.rb:120:in `block in spawn_thread'
Started GET "/" for 127.0.0.1 at 2017-06-20 16:17:08 -0400
Processing by Rails::WelcomeController#index as HTML
  Rendering /Users/anneebarrett/.rvm/gems/ruby-2.3.1/gems/railties-5.1.1/lib/rails/templates/rails/welcome/index.html.erb
  Rendered /Users/anneebarrett/.rvm/gems/ruby-2.3.1/gems/railties-5.1.1/lib/rails/templates/rails/welcome/index.html.erb (6.1ms)
Completed 200 OK in 17ms (Views: 12.6ms | ActiveRecord: 0.0ms)


Started GET "/favicon.ico" for 127.0.0.1 at 2017-06-20 16:17:08 -0400
  
ActionController::RoutingError (No route matches [GET] "/favicon.ico"):
  
actionpack (5.1.1) lib/action_dispatch/middleware/debug_exceptions.rb:63:in `call'
web-console (3.5.1) lib/web_console/middleware.rb:135:in `call_app'
web-console (3.5.1) lib/web_console/middleware.rb:28:in `block in call'
web-console (3.5.1) lib/web_console/middleware.rb:18:in `catch'
web-console (3.5.1) lib/web_console/middleware.rb:18:in `call'
actionpack (5.1.1) lib/action_dispatch/middleware/show_exceptions.rb:31:in `call'
railties (5.1.1) lib/rails/rack/logger.rb:36:in `call_app'
railties (5.1.1) lib/rails/rack/logger.rb:24:in `block in call'
activesupport (5.1.1) lib/active_support/tagged_logging.rb:69:in `block in tagged'
activesupport (5.1.1) lib/active_support/tagged_logging.rb:26:in `tagged'
activesupport (5.1.1) lib/active_support/tagged_logging.rb:69:in `tagged'
railties (5.1.1) lib/rails/rack/logger.rb:24:in `call'
actionpack (5.1.1) lib/action_dispatch/middleware/remote_ip.rb:79:in `call'
actionpack (5.1.1) lib/action_dispatch/middleware/request_id.rb:25:in `call'
rack (2.0.3) lib/rack/runtime.rb:22:in `call'
activesupport (5.1.1) lib/active_support/cache/strategy/local_cache_middleware.rb:27:in `call'
actionpack (5.1.1) lib/action_dispatch/middleware/executor.rb:12:in `call'
actionpack (5.1.1) lib/action_dispatch/middleware/static.rb:125:in `call'
rack (2.0.3) lib/rack/sendfile.rb:111:in `call'
rack-cors (0.4.1) lib/rack/cors.rb:81:in `call'
railties (5.1.1) lib/rails/engine.rb:522:in `call'
puma (3.9.1) lib/puma/configuration.rb:224:in `call'
puma (3.9.1) lib/puma/server.rb:602:in `handle_request'
puma (3.9.1) lib/puma/server.rb:435:in `process_client'
puma (3.9.1) lib/puma/server.rb:299:in `block in run'
puma (3.9.1) lib/puma/thread_pool.rb:120:in `block in spawn_thread'
Started GET "/" for 127.0.0.1 at 2017-06-20 16:17:19 -0400
Processing by Rails::WelcomeController#index as HTML
  Rendering /Users/anneebarrett/.rvm/gems/ruby-2.3.1/gems/railties-5.1.1/lib/rails/templates/rails/welcome/index.html.erb
  Rendered /Users/anneebarrett/.rvm/gems/ruby-2.3.1/gems/railties-5.1.1/lib/rails/templates/rails/welcome/index.html.erb (3.7ms)
Completed 200 OK in 9ms (Views: 6.4ms | ActiveRecord: 0.0ms)


Started GET "/api/v1/spaces/" for 127.0.0.1 at 2017-06-20 16:17:44 -0400
  
ActionController::RoutingError (No route matches [GET] "/api/v1/spaces"):
  
actionpack (5.1.1) lib/action_dispatch/middleware/debug_exceptions.rb:63:in `call'
web-console (3.5.1) lib/web_console/middleware.rb:135:in `call_app'
web-console (3.5.1) lib/web_console/middleware.rb:28:in `block in call'
web-console (3.5.1) lib/web_console/middleware.rb:18:in `catch'
web-console (3.5.1) lib/web_console/middleware.rb:18:in `call'
actionpack (5.1.1) lib/action_dispatch/middleware/show_exceptions.rb:31:in `call'
railties (5.1.1) lib/rails/rack/logger.rb:36:in `call_app'
railties (5.1.1) lib/rails/rack/logger.rb:24:in `block in call'
activesupport (5.1.1) lib/active_support/tagged_logging.rb:69:in `block in tagged'
activesupport (5.1.1) lib/active_support/tagged_logging.rb:26:in `tagged'
activesupport (5.1.1) lib/active_support/tagged_logging.rb:69:in `tagged'
railties (5.1.1) lib/rails/rack/logger.rb:24:in `call'
actionpack (5.1.1) lib/action_dispatch/middleware/remote_ip.rb:79:in `call'
actionpack (5.1.1) lib/action_dispatch/middleware/request_id.rb:25:in `call'
rack (2.0.3) lib/rack/runtime.rb:22:in `call'
activesupport (5.1.1) lib/active_support/cache/strategy/local_cache_middleware.rb:27:in `call'
actionpack (5.1.1) lib/action_dispatch/middleware/executor.rb:12:in `call'
actionpack (5.1.1) lib/action_dispatch/middleware/static.rb:125:in `call'
rack (2.0.3) lib/rack/sendfile.rb:111:in `call'
rack-cors (0.4.1) lib/rack/cors.rb:81:in `call'
railties (5.1.1) lib/rails/engine.rb:522:in `call'
puma (3.9.1) lib/puma/configuration.rb:224:in `call'
puma (3.9.1) lib/puma/server.rb:602:in `handle_request'
puma (3.9.1) lib/puma/server.rb:435:in `process_client'
puma (3.9.1) lib/puma/server.rb:299:in `block in run'
puma (3.9.1) lib/puma/thread_pool.rb:120:in `block in spawn_thread'
Started GET "/api/v1/spaces/" for 127.0.0.1 at 2017-06-20 16:17:53 -0400
  
ActionController::RoutingError (No route matches [GET] "/api/v1/spaces"):
  
actionpack (5.1.1) lib/action_dispatch/middleware/debug_exceptions.rb:63:in `call'
web-console (3.5.1) lib/web_console/middleware.rb:135:in `call_app'
web-console (3.5.1) lib/web_console/middleware.rb:28:in `block in call'
web-console (3.5.1) lib/web_console/middleware.rb:18:in `catch'
web-console (3.5.1) lib/web_console/middleware.rb:18:in `call'
actionpack (5.1.1) lib/action_dispatch/middleware/show_exceptions.rb:31:in `call'
railties (5.1.1) lib/rails/rack/logger.rb:36:in `call_app'
railties (5.1.1) lib/rails/rack/logger.rb:24:in `block in call'
activesupport (5.1.1) lib/active_support/tagged_logging.rb:69:in `block in tagged'
activesupport (5.1.1) lib/active_support/tagged_logging.rb:26:in `tagged'
activesupport (5.1.1) lib/active_support/tagged_logging.rb:69:in `tagged'
railties (5.1.1) lib/rails/rack/logger.rb:24:in `call'
actionpack (5.1.1) lib/action_dispatch/middleware/remote_ip.rb:79:in `call'
actionpack (5.1.1) lib/action_dispatch/middleware/request_id.rb:25:in `call'
rack (2.0.3) lib/rack/runtime.rb:22:in `call'
activesupport (5.1.1) lib/active_support/cache/strategy/local_cache_middleware.rb:27:in `call'
actionpack (5.1.1) lib/action_dispatch/middleware/executor.rb:12:in `call'
actionpack (5.1.1) lib/action_dispatch/middleware/static.rb:125:in `call'
rack (2.0.3) lib/rack/sendfile.rb:111:in `call'
rack-cors (0.4.1) lib/rack/cors.rb:81:in `call'
railties (5.1.1) lib/rails/engine.rb:522:in `call'
puma (3.9.1) lib/puma/configuration.rb:224:in `call'
puma (3.9.1) lib/puma/server.rb:602:in `handle_request'
puma (3.9.1) lib/puma/server.rb:435:in `process_client'
puma (3.9.1) lib/puma/server.rb:299:in `block in run'
puma (3.9.1) lib/puma/thread_pool.rb:120:in `block in spawn_thread'
Started GET "/api/v1/spaces/" for 127.0.0.1 at 2017-06-20 16:18:31 -0400
  [1m[35m (2.8ms)[0m  [1m[34mSELECT "schema_migrations"."version" FROM "schema_migrations" ORDER BY "schema_migrations"."version" ASC[0m
Processing by Api::V1::SpacesController#index as HTML
  [1m[36mSpace Load (1.0ms)[0m  [1m[34mSELECT "spaces".* FROM "spaces"[0m
[active_model_serializers]   [1m[36mNode Load (0.9ms)[0m  [1m[34mSELECT "nodes".* FROM "nodes" WHERE "nodes"."space_id" = $1[0m  [["space_id", 1]]
[active_model_serializers]   [1m[36mNode Load (0.5ms)[0m  [1m[34mSELECT "nodes".* FROM "nodes" WHERE "nodes"."space_id" = $1[0m  [["space_id", 2]]
[active_model_serializers] Rendered ActiveModel::Serializer::CollectionSerializer with ActiveModelSerializers::Adapter::Attributes (59.68ms)
Completed 200 OK in 114ms (Views: 90.4ms | ActiveRecord: 15.4ms)


Started GET "/api/v1/spaces/" for 127.0.0.1 at 2017-06-20 16:18:38 -0400
Processing by Api::V1::SpacesController#index as */*
  [1m[36mSpace Load (0.8ms)[0m  [1m[34mSELECT "spaces".* FROM "spaces"[0m
[active_model_serializers]   [1m[36mNode Load (0.8ms)[0m  [1m[34mSELECT "nodes".* FROM "nodes" WHERE "nodes"."space_id" = $1[0m  [["space_id", 1]]
[active_model_serializers]   [1m[36mNode Load (0.4ms)[0m  [1m[34mSELECT "nodes".* FROM "nodes" WHERE "nodes"."space_id" = $1[0m  [["space_id", 2]]
[active_model_serializers] Rendered ActiveModel::Serializer::CollectionSerializer with ActiveModelSerializers::Adapter::Attributes (9.82ms)
Completed 200 OK in 31ms (Views: 17.4ms | ActiveRecord: 13.4ms)


Started GET "/api/v1/spaces/" for 127.0.0.1 at 2017-06-20 16:19:22 -0400
Processing by Api::V1::SpacesController#index as */*
  [1m[36mSpace Load (0.5ms)[0m  [1m[34mSELECT "spaces".* FROM "spaces"[0m
[active_model_serializers]   [1m[36mNode Load (1.0ms)[0m  [1m[34mSELECT "nodes".* FROM "nodes" WHERE "nodes"."space_id" = $1[0m  [["space_id", 1]]
[active_model_serializers]   [1m[36mNode Load (0.7ms)[0m  [1m[34mSELECT "nodes".* FROM "nodes" WHERE "nodes"."space_id" = $1[0m  [["space_id", 2]]
[active_model_serializers] Rendered ActiveModel::Serializer::CollectionSerializer with ActiveModelSerializers::Adapter::Attributes (12.13ms)
Completed 200 OK in 16ms (Views: 13.2ms | ActiveRecord: 2.2ms)


Started GET "/api/v1/spaces" for 127.0.0.1 at 2017-06-20 16:20:33 -0400
Processing by Api::V1::SpacesController#index as */*
  [1m[36mSpace Load (0.6ms)[0m  [1m[34mSELECT "spaces".* FROM "spaces"[0m
[active_model_serializers]   [1m[36mNode Load (1.2ms)[0m  [1m[34mSELECT "nodes".* FROM "nodes" WHERE "nodes"."space_id" = $1[0m  [["space_id", 1]]
[active_model_serializers]   [1m[36mNode Load (0.9ms)[0m  [1m[34mSELECT "nodes".* FROM "nodes" WHERE "nodes"."space_id" = $1[0m  [["space_id", 2]]
[active_model_serializers] Rendered ActiveModel::Serializer::CollectionSerializer with ActiveModelSerializers::Adapter::Attributes (23.58ms)
Completed 200 OK in 31ms (Views: 27.2ms | ActiveRecord: 2.7ms)


Started GET "/api/v1/spaces" for 127.0.0.1 at 2017-06-20 16:20:42 -0400
Processing by Api::V1::SpacesController#index as */*
  [1m[36mSpace Load (1.8ms)[0m  [1m[34mSELECT "spaces".* FROM "spaces"[0m
[active_model_serializers]   [1m[36mNode Load (0.7ms)[0m  [1m[34mSELECT "nodes".* FROM "nodes" WHERE "nodes"."space_id" = $1[0m  [["space_id", 1]]
[active_model_serializers]   [1m[36mNode Load (0.7ms)[0m  [1m[34mSELECT "nodes".* FROM "nodes" WHERE "nodes"."space_id" = $1[0m  [["space_id", 2]]
[active_model_serializers] Rendered ActiveModel::Serializer::CollectionSerializer with ActiveModelSerializers::Adapter::Attributes (14.33ms)
Completed 200 OK in 18ms (Views: 15.0ms | ActiveRecord: 3.2ms)


Started GET "/api/v1/spaces/" for 127.0.0.1 at 2017-06-20 16:22:14 -0400
Processing by Api::V1::SpacesController#index as HTML
  [1m[36mSpace Load (0.5ms)[0m  [1m[34mSELECT "spaces".* FROM "spaces"[0m
[active_model_serializers]   [1m[36mNode Load (0.5ms)[0m  [1m[34mSELECT "nodes".* FROM "nodes" WHERE "nodes"."space_id" = $1[0m  [["space_id", 1]]
[active_model_serializers]   [1m[36mNode Load (0.4ms)[0m  [1m[34mSELECT "nodes".* FROM "nodes" WHERE "nodes"."space_id" = $1[0m  [["space_id", 2]]
[active_model_serializers] Rendered ActiveModel::Serializer::CollectionSerializer with ActiveModelSerializers::Adapter::Attributes (12.45ms)
Completed 200 OK in 16ms (Views: 14.3ms | ActiveRecord: 1.3ms)


Started GET "/api/v1/spaces/" for 127.0.0.1 at 2017-06-20 16:24:35 -0400
Processing by Api::V1::SpacesController#index as */*
  [1m[36mSpace Load (1.1ms)[0m  [1m[34mSELECT "spaces".* FROM "spaces"[0m
[active_model_serializers]   [1m[36mNode Load (1.0ms)[0m  [1m[34mSELECT "nodes".* FROM "nodes" WHERE "nodes"."space_id" = $1[0m  [["space_id", 1]]
[active_model_serializers]   [1m[36mNode Load (0.7ms)[0m  [1m[34mSELECT "nodes".* FROM "nodes" WHERE "nodes"."space_id" = $1[0m  [["space_id", 2]]
[active_model_serializers] Rendered ActiveModel::Serializer::CollectionSerializer with ActiveModelSerializers::Adapter::Attributes (52.2ms)
Completed 200 OK in 71ms (Views: 65.4ms | ActiveRecord: 2.8ms)


Started GET "/api/v1/spaces/" for 127.0.0.1 at 2017-06-20 16:25:27 -0400
Processing by Api::V1::SpacesController#index as */*
  [1m[36mSpace Load (0.7ms)[0m  [1m[34mSELECT "spaces".* FROM "spaces"[0m
[active_model_serializers]   [1m[36mNode Load (0.6ms)[0m  [1m[34mSELECT "nodes".* FROM "nodes" WHERE "nodes"."space_id" = $1[0m  [["space_id", 1]]
[active_model_serializers]   [1m[36mNode Load (0.3ms)[0m  [1m[34mSELECT "nodes".* FROM "nodes" WHERE "nodes"."space_id" = $1[0m  [["space_id", 2]]
[active_model_serializers] Rendered ActiveModel::Serializer::CollectionSerializer with ActiveModelSerializers::Adapter::Attributes (15.52ms)
Completed 200 OK in 20ms (Views: 18.0ms | ActiveRecord: 1.6ms)


Started GET "/api/v1/spaces/" for 127.0.0.1 at 2017-06-20 16:26:35 -0400
Processing by Api::V1::SpacesController#index as */*
  [1m[36mSpace Load (0.6ms)[0m  [1m[34mSELECT "spaces".* FROM "spaces"[0m
[active_model_serializers]   [1m[36mNode Load (0.6ms)[0m  [1m[34mSELECT "nodes".* FROM "nodes" WHERE "nodes"."space_id" = $1[0m  [["space_id", 1]]
[active_model_serializers]   [1m[36mNode Load (0.4ms)[0m  [1m[34mSELECT "nodes".* FROM "nodes" WHERE "nodes"."space_id" = $1[0m  [["space_id", 2]]
[active_model_serializers] Rendered ActiveModel::Serializer::CollectionSerializer with ActiveModelSerializers::Adapter::Attributes (12.62ms)
Completed 200 OK in 17ms (Views: 14.7ms | ActiveRecord: 1.5ms)


Started GET "/api/v1/spaces/" for 127.0.0.1 at 2017-06-20 16:27:23 -0400
Processing by Api::V1::SpacesController#index as */*
  [1m[36mSpace Load (0.5ms)[0m  [1m[34mSELECT "spaces".* FROM "spaces"[0m
[active_model_serializers]   [1m[36mNode Load (0.5ms)[0m  [1m[34mSELECT "nodes".* FROM "nodes" WHERE "nodes"."space_id" = $1[0m  [["space_id", 1]]
[active_model_serializers]   [1m[36mNode Load (0.4ms)[0m  [1m[34mSELECT "nodes".* FROM "nodes" WHERE "nodes"."space_id" = $1[0m  [["space_id", 2]]
[active_model_serializers] Rendered ActiveModel::Serializer::CollectionSerializer with ActiveModelSerializers::Adapter::Attributes (13.55ms)
Completed 200 OK in 17ms (Views: 15.0ms | ActiveRecord: 1.4ms)


Started GET "/api/v1/spaces/" for 127.0.0.1 at 2017-06-20 16:27:46 -0400
Processing by Api::V1::SpacesController#index as */*
  [1m[36mSpace Load (0.6ms)[0m  [1m[34mSELECT "spaces".* FROM "spaces"[0m
[active_model_serializers]   [1m[36mNode Load (0.4ms)[0m  [1m[34mSELECT "nodes".* FROM "nodes" WHERE "nodes"."space_id" = $1[0m  [["space_id", 1]]
[active_model_serializers]   [1m[36mNode Load (0.5ms)[0m  [1m[34mSELECT "nodes".* FROM "nodes" WHERE "nodes"."space_id" = $1[0m  [["space_id", 2]]
[active_model_serializers] Rendered ActiveModel::Serializer::CollectionSerializer with ActiveModelSerializers::Adapter::Attributes (14.19ms)
Completed 200 OK in 18ms (Views: 16.0ms | ActiveRecord: 1.5ms)


Started GET "/api/v1/spaces/" for 127.0.0.1 at 2017-06-20 16:28:21 -0400
Processing by Api::V1::SpacesController#index as */*
  [1m[36mSpace Load (0.4ms)[0m  [1m[34mSELECT "spaces".* FROM "spaces"[0m
[active_model_serializers]   [1m[36mNode Load (0.3ms)[0m  [1m[34mSELECT "nodes".* FROM "nodes" WHERE "nodes"."space_id" = $1[0m  [["space_id", 1]]
[active_model_serializers]   [1m[36mNode Load (0.3ms)[0m  [1m[34mSELECT "nodes".* FROM "nodes" WHERE "nodes"."space_id" = $1[0m  [["space_id", 2]]
[active_model_serializers] Rendered ActiveModel::Serializer::CollectionSerializer with ActiveModelSerializers::Adapter::Attributes (8.1ms)
Completed 200 OK in 10ms (Views: 9.3ms | ActiveRecord: 0.9ms)


Started GET "/api/v1/spaces/" for 127.0.0.1 at 2017-06-20 16:29:11 -0400
Processing by Api::V1::SpacesController#index as HTML
  [1m[36mSpace Load (0.5ms)[0m  [1m[34mSELECT "spaces".* FROM "spaces"[0m
[active_model_serializers]   [1m[36mNode Load (0.4ms)[0m  [1m[34mSELECT "nodes".* FROM "nodes" WHERE "nodes"."space_id" = $1[0m  [["space_id", 1]]
[active_model_serializers]   [1m[36mNode Load (0.4ms)[0m  [1m[34mSELECT "nodes".* FROM "nodes" WHERE "nodes"."space_id" = $1[0m  [["space_id", 2]]
[active_model_serializers] Rendered ActiveModel::Serializer::CollectionSerializer with ActiveModelSerializers::Adapter::Attributes (10.21ms)
Completed 200 OK in 13ms (Views: 11.4ms | ActiveRecord: 1.3ms)


Started GET "/" for 127.0.0.1 at 2017-06-20 16:29:13 -0400
Processing by Rails::WelcomeController#index as HTML
  Rendering /Users/anneebarrett/.rvm/gems/ruby-2.3.1/gems/railties-5.1.1/lib/rails/templates/rails/welcome/index.html.erb
  Rendered /Users/anneebarrett/.rvm/gems/ruby-2.3.1/gems/railties-5.1.1/lib/rails/templates/rails/welcome/index.html.erb (6.1ms)
Completed 200 OK in 22ms (Views: 16.7ms | ActiveRecord: 0.0ms)


Started GET "/api/v1/spaces/" for 127.0.0.1 at 2017-06-20 16:29:15 -0400
Processing by Api::V1::SpacesController#index as */*
  [1m[36mSpace Load (0.6ms)[0m  [1m[34mSELECT "spaces".* FROM "spaces"[0m
[active_model_serializers]   [1m[36mNode Load (0.6ms)[0m  [1m[34mSELECT "nodes".* FROM "nodes" WHERE "nodes"."space_id" = $1[0m  [["space_id", 1]]
[active_model_serializers]   [1m[36mNode Load (0.4ms)[0m  [1m[34mSELECT "nodes".* FROM "nodes" WHERE "nodes"."space_id" = $1[0m  [["space_id", 2]]
[active_model_serializers] Rendered ActiveModel::Serializer::CollectionSerializer with ActiveModelSerializers::Adapter::Attributes (11.27ms)
Completed 200 OK in 16ms (Views: 14.2ms | ActiveRecord: 1.6ms)


Started GET "/api/v1/spaces/" for 127.0.0.1 at 2017-06-20 16:30:48 -0400
Processing by Api::V1::SpacesController#index as */*
  [1m[36mSpace Load (0.6ms)[0m  [1m[34mSELECT "spaces".* FROM "spaces"[0m
[active_model_serializers]   [1m[36mNode Load (0.6ms)[0m  [1m[34mSELECT "nodes".* FROM "nodes" WHERE "nodes"."space_id" = $1[0m  [["space_id", 1]]
[active_model_serializers]   [1m[36mNode Load (0.7ms)[0m  [1m[34mSELECT "nodes".* FROM "nodes" WHERE "nodes"."space_id" = $1[0m  [["space_id", 2]]
[active_model_serializers] Rendered ActiveModel::Serializer::CollectionSerializer with ActiveModelSerializers::Adapter::Attributes (13.08ms)
Completed 200 OK in 18ms (Views: 15.9ms | ActiveRecord: 1.8ms)


Started GET "/api/v1/spaces/" for 127.0.0.1 at 2017-06-20 16:31:13 -0400
Processing by Api::V1::SpacesController#index as */*
  [1m[36mSpace Load (0.5ms)[0m  [1m[34mSELECT "spaces".* FROM "spaces"[0m
[active_model_serializers]   [1m[36mNode Load (0.6ms)[0m  [1m[34mSELECT "nodes".* FROM "nodes" WHERE "nodes"."space_id" = $1[0m  [["space_id", 1]]
[active_model_serializers]   [1m[36mNode Load (0.4ms)[0m  [1m[34mSELECT "nodes".* FROM "nodes" WHERE "nodes"."space_id" = $1[0m  [["space_id", 2]]
[active_model_serializers] Rendered ActiveModel::Serializer::CollectionSerializer with ActiveModelSerializers::Adapter::Attributes (15.0ms)
Completed 200 OK in 18ms (Views: 16.6ms | ActiveRecord: 1.5ms)


Started GET "/api/v1/spaces/" for 127.0.0.1 at 2017-06-20 16:31:17 -0400
Processing by Api::V1::SpacesController#index as */*
  [1m[36mSpace Load (0.5ms)[0m  [1m[34mSELECT "spaces".* FROM "spaces"[0m
[active_model_serializers]   [1m[36mNode Load (0.4ms)[0m  [1m[34mSELECT "nodes".* FROM "nodes" WHERE "nodes"."space_id" = $1[0m  [["space_id", 1]]
[active_model_serializers]   [1m[36mNode Load (0.4ms)[0m  [1m[34mSELECT "nodes".* FROM "nodes" WHERE "nodes"."space_id" = $1[0m  [["space_id", 2]]
[active_model_serializers] Rendered ActiveModel::Serializer::CollectionSerializer with ActiveModelSerializers::Adapter::Attributes (12.07ms)
Completed 200 OK in 15ms (Views: 13.3ms | ActiveRecord: 1.3ms)


Started GET "/api/v1/spaces/" for 127.0.0.1 at 2017-06-20 16:31:31 -0400
Processing by Api::V1::SpacesController#index as */*
  [1m[36mSpace Load (0.4ms)[0m  [1m[34mSELECT "spaces".* FROM "spaces"[0m
[active_model_serializers]   [1m[36mNode Load (0.4ms)[0m  [1m[34mSELECT "nodes".* FROM "nodes" WHERE "nodes"."space_id" = $1[0m  [["space_id", 1]]
[active_model_serializers]   [1m[36mNode Load (0.4ms)[0m  [1m[34mSELECT "nodes".* FROM "nodes" WHERE "nodes"."space_id" = $1[0m  [["space_id", 2]]
[active_model_serializers] Rendered ActiveModel::Serializer::CollectionSerializer with ActiveModelSerializers::Adapter::Attributes (13.37ms)
Completed 200 OK in 17ms (Views: 15.3ms | ActiveRecord: 1.1ms)


Started GET "/api/v1/spaces/" for 127.0.0.1 at 2017-06-20 16:31:46 -0400
Processing by Api::V1::SpacesController#index as */*
  [1m[36mSpace Load (0.5ms)[0m  [1m[34mSELECT "spaces".* FROM "spaces"[0m
[active_model_serializers]   [1m[36mNode Load (0.5ms)[0m  [1m[34mSELECT "nodes".* FROM "nodes" WHERE "nodes"."space_id" = $1[0m  [["space_id", 1]]
[active_model_serializers]   [1m[36mNode Load (0.4ms)[0m  [1m[34mSELECT "nodes".* FROM "nodes" WHERE "nodes"."space_id" = $1[0m  [["space_id", 2]]
[active_model_serializers] Rendered ActiveModel::Serializer::CollectionSerializer with ActiveModelSerializers::Adapter::Attributes (12.28ms)
Completed 200 OK in 16ms (Views: 13.9ms | ActiveRecord: 1.3ms)


Started GET "/api/v1/spaces/" for 127.0.0.1 at 2017-06-20 16:33:00 -0400
Processing by Api::V1::SpacesController#index as */*
  [1m[36mSpace Load (0.4ms)[0m  [1m[34mSELECT "spaces".* FROM "spaces"[0m
[active_model_serializers]   [1m[36mNode Load (0.4ms)[0m  [1m[34mSELECT "nodes".* FROM "nodes" WHERE "nodes"."space_id" = $1[0m  [["space_id", 1]]
[active_model_serializers]   [1m[36mNode Load (0.3ms)[0m  [1m[34mSELECT "nodes".* FROM "nodes" WHERE "nodes"."space_id" = $1[0m  [["space_id", 2]]
[active_model_serializers] Rendered ActiveModel::Serializer::CollectionSerializer with ActiveModelSerializers::Adapter::Attributes (15.92ms)
Completed 200 OK in 19ms (Views: 17.5ms | ActiveRecord: 1.1ms)


Started GET "/api/v1/spaces/" for 127.0.0.1 at 2017-06-20 16:33:28 -0400
Processing by Api::V1::SpacesController#index as */*
  [1m[36mSpace Load (0.9ms)[0m  [1m[34mSELECT "spaces".* FROM "spaces"[0m
[active_model_serializers]   [1m[36mNode Load (0.5ms)[0m  [1m[34mSELECT "nodes".* FROM "nodes" WHERE "nodes"."space_id" = $1[0m  [["space_id", 1]]
[active_model_serializers]   [1m[36mNode Load (0.6ms)[0m  [1m[34mSELECT "nodes".* FROM "nodes" WHERE "nodes"."space_id" = $1[0m  [["space_id", 2]]
[active_model_serializers] Rendered ActiveModel::Serializer::CollectionSerializer with ActiveModelSerializers::Adapter::Attributes (16.93ms)
Completed 200 OK in 23ms (Views: 20.4ms | ActiveRecord: 2.0ms)


Started GET "/api/v1/spaces/" for 127.0.0.1 at 2017-06-20 16:33:44 -0400
Processing by Api::V1::SpacesController#index as */*
  [1m[36mSpace Load (0.5ms)[0m  [1m[34mSELECT "spaces".* FROM "spaces"[0m
[active_model_serializers]   [1m[36mNode Load (0.4ms)[0m  [1m[34mSELECT "nodes".* FROM "nodes" WHERE "nodes"."space_id" = $1[0m  [["space_id", 1]]
[active_model_serializers]   [1m[36mNode Load (0.3ms)[0m  [1m[34mSELECT "nodes".* FROM "nodes" WHERE "nodes"."space_id" = $1[0m  [["space_id", 2]]
[active_model_serializers] Rendered ActiveModel::Serializer::CollectionSerializer with ActiveModelSerializers::Adapter::Attributes (11.62ms)
Completed 200 OK in 15ms (Views: 13.5ms | ActiveRecord: 1.2ms)


Started GET "/api/v1/spaces/" for 127.0.0.1 at 2017-06-20 16:36:25 -0400
Processing by Api::V1::SpacesController#index as */*
  [1m[36mSpace Load (0.8ms)[0m  [1m[34mSELECT "spaces".* FROM "spaces"[0m
[active_model_serializers]   [1m[36mNode Load (0.5ms)[0m  [1m[34mSELECT "nodes".* FROM "nodes" WHERE "nodes"."space_id" = $1[0m  [["space_id", 1]]
[active_model_serializers]   [1m[36mNode Load (0.5ms)[0m  [1m[34mSELECT "nodes".* FROM "nodes" WHERE "nodes"."space_id" = $1[0m  [["space_id", 2]]
[active_model_serializers] Rendered ActiveModel::Serializer::CollectionSerializer with ActiveModelSerializers::Adapter::Attributes (21.86ms)
Completed 200 OK in 45ms (Views: 34.8ms | ActiveRecord: 1.9ms)


Started GET "/api/v1/spaces/" for 127.0.0.1 at 2017-06-20 16:39:32 -0400
Processing by Api::V1::SpacesController#index as */*
  [1m[36mSpace Load (1.0ms)[0m  [1m[34mSELECT "spaces".* FROM "spaces"[0m
[active_model_serializers]   [1m[36mNode Load (0.6ms)[0m  [1m[34mSELECT "nodes".* FROM "nodes" WHERE "nodes"."space_id" = $1[0m  [["space_id", 1]]
[active_model_serializers]   [1m[36mNode Load (0.5ms)[0m  [1m[34mSELECT "nodes".* FROM "nodes" WHERE "nodes"."space_id" = $1[0m  [["space_id", 2]]
[active_model_serializers] Rendered ActiveModel::Serializer::CollectionSerializer with ActiveModelSerializers::Adapter::Attributes (13.25ms)
Completed 200 OK in 19ms (Views: 16.7ms | ActiveRecord: 2.1ms)


Started GET "/api/v1/spaces/" for 127.0.0.1 at 2017-06-20 16:39:45 -0400
Processing by Api::V1::SpacesController#index as */*
  [1m[36mSpace Load (0.9ms)[0m  [1m[34mSELECT "spaces".* FROM "spaces"[0m
[active_model_serializers]   [1m[36mNode Load (0.5ms)[0m  [1m[34mSELECT "nodes".* FROM "nodes" WHERE "nodes"."space_id" = $1[0m  [["space_id", 1]]
[active_model_serializers]   [1m[36mNode Load (0.6ms)[0m  [1m[34mSELECT "nodes".* FROM "nodes" WHERE "nodes"."space_id" = $1[0m  [["space_id", 2]]
[active_model_serializers] Rendered ActiveModel::Serializer::CollectionSerializer with ActiveModelSerializers::Adapter::Attributes (12.81ms)
Completed 200 OK in 17ms (Views: 15.0ms | ActiveRecord: 2.0ms)


Started GET "/api/v1/spaces/" for 127.0.0.1 at 2017-06-20 16:39:57 -0400
Processing by Api::V1::SpacesController#index as */*
  [1m[36mSpace Load (0.4ms)[0m  [1m[34mSELECT "spaces".* FROM "spaces"[0m
[active_model_serializers]   [1m[36mNode Load (0.4ms)[0m  [1m[34mSELECT "nodes".* FROM "nodes" WHERE "nodes"."space_id" = $1[0m  [["space_id", 1]]
[active_model_serializers]   [1m[36mNode Load (0.3ms)[0m  [1m[34mSELECT "nodes".* FROM "nodes" WHERE "nodes"."space_id" = $1[0m  [["space_id", 2]]
[active_model_serializers] Rendered ActiveModel::Serializer::CollectionSerializer with ActiveModelSerializers::Adapter::Attributes (12.04ms)
Completed 200 OK in 15ms (Views: 13.1ms | ActiveRecord: 1.1ms)


Started GET "/api/v1/spaces/" for 127.0.0.1 at 2017-06-20 16:40:40 -0400
Processing by Api::V1::SpacesController#index as */*
  [1m[36mSpace Load (0.4ms)[0m  [1m[34mSELECT "spaces".* FROM "spaces"[0m
[active_model_serializers]   [1m[36mNode Load (0.4ms)[0m  [1m[34mSELECT "nodes".* FROM "nodes" WHERE "nodes"."space_id" = $1[0m  [["space_id", 1]]
[active_model_serializers]   [1m[36mNode Load (0.4ms)[0m  [1m[34mSELECT "nodes".* FROM "nodes" WHERE "nodes"."space_id" = $1[0m  [["space_id", 2]]
[active_model_serializers] Rendered ActiveModel::Serializer::CollectionSerializer with ActiveModelSerializers::Adapter::Attributes (12.64ms)
Completed 200 OK in 16ms (Views: 14.3ms | ActiveRecord: 1.2ms)


Started GET "/api/v1/spaces/" for 127.0.0.1 at 2017-06-20 16:41:53 -0400
Processing by Api::V1::SpacesController#index as */*
  [1m[36mSpace Load (0.5ms)[0m  [1m[34mSELECT "spaces".* FROM "spaces"[0m
[active_model_serializers]   [1m[36mNode Load (0.5ms)[0m  [1m[34mSELECT "nodes".* FROM "nodes" WHERE "nodes"."space_id" = $1[0m  [["space_id", 1]]
[active_model_serializers]   [1m[36mNode Load (2.0ms)[0m  [1m[34mSELECT "nodes".* FROM "nodes" WHERE "nodes"."space_id" = $1[0m  [["space_id", 2]]
[active_model_serializers] Rendered ActiveModel::Serializer::CollectionSerializer with ActiveModelSerializers::Adapter::Attributes (18.04ms)
Completed 200 OK in 22ms (Views: 18.3ms | ActiveRecord: 3.1ms)


Started GET "/api/v1/spaces/" for 127.0.0.1 at 2017-06-20 16:42:05 -0400
Processing by Api::V1::SpacesController#index as */*
  [1m[36mSpace Load (0.4ms)[0m  [1m[34mSELECT "spaces".* FROM "spaces"[0m
[active_model_serializers]   [1m[36mNode Load (0.5ms)[0m  [1m[34mSELECT "nodes".* FROM "nodes" WHERE "nodes"."space_id" = $1[0m  [["space_id", 1]]
[active_model_serializers]   [1m[36mNode Load (0.4ms)[0m  [1m[34mSELECT "nodes".* FROM "nodes" WHERE "nodes"."space_id" = $1[0m  [["space_id", 2]]
[active_model_serializers] Rendered ActiveModel::Serializer::CollectionSerializer with ActiveModelSerializers::Adapter::Attributes (17.74ms)
Completed 200 OK in 21ms (Views: 19.4ms | ActiveRecord: 1.3ms)


Started GET "/api/v1/spaces/" for 127.0.0.1 at 2017-06-20 16:42:11 -0400
Processing by Api::V1::SpacesController#index as */*
  [1m[36mSpace Load (0.6ms)[0m  [1m[34mSELECT "spaces".* FROM "spaces"[0m
[active_model_serializers]   [1m[36mNode Load (0.5ms)[0m  [1m[34mSELECT "nodes".* FROM "nodes" WHERE "nodes"."space_id" = $1[0m  [["space_id", 1]]
[active_model_serializers]   [1m[36mNode Load (0.6ms)[0m  [1m[34mSELECT "nodes".* FROM "nodes" WHERE "nodes"."space_id" = $1[0m  [["space_id", 2]]
[active_model_serializers] Rendered ActiveModel::Serializer::CollectionSerializer with ActiveModelSerializers::Adapter::Attributes (18.44ms)
Completed 200 OK in 23ms (Views: 21.1ms | ActiveRecord: 1.7ms)


Started GET "/api/v1/spaces/" for 127.0.0.1 at 2017-06-20 16:42:29 -0400
Processing by Api::V1::SpacesController#index as */*
  [1m[36mSpace Load (0.6ms)[0m  [1m[34mSELECT "spaces".* FROM "spaces"[0m
[active_model_serializers]   [1m[36mNode Load (0.5ms)[0m  [1m[34mSELECT "nodes".* FROM "nodes" WHERE "nodes"."space_id" = $1[0m  [["space_id", 1]]
[active_model_serializers]   [1m[36mNode Load (0.5ms)[0m  [1m[34mSELECT "nodes".* FROM "nodes" WHERE "nodes"."space_id" = $1[0m  [["space_id", 2]]
[active_model_serializers] Rendered ActiveModel::Serializer::CollectionSerializer with ActiveModelSerializers::Adapter::Attributes (16.93ms)
Completed 200 OK in 21ms (Views: 19.0ms | ActiveRecord: 1.6ms)


Started GET "/api/v1/spaces/" for 127.0.0.1 at 2017-06-20 16:43:06 -0400
Processing by Api::V1::SpacesController#index as */*
  [1m[36mSpace Load (0.7ms)[0m  [1m[34mSELECT "spaces".* FROM "spaces"[0m
[active_model_serializers]   [1m[36mNode Load (0.4ms)[0m  [1m[34mSELECT "nodes".* FROM "nodes" WHERE "nodes"."space_id" = $1[0m  [["space_id", 1]]
[active_model_serializers]   [1m[36mNode Load (0.4ms)[0m  [1m[34mSELECT "nodes".* FROM "nodes" WHERE "nodes"."space_id" = $1[0m  [["space_id", 2]]
[active_model_serializers] Rendered ActiveModel::Serializer::CollectionSerializer with ActiveModelSerializers::Adapter::Attributes (17.18ms)
Completed 200 OK in 21ms (Views: 19.3ms | ActiveRecord: 1.5ms)


Started GET "/api/v1/spaces/" for 127.0.0.1 at 2017-06-20 16:43:23 -0400
Processing by Api::V1::SpacesController#index as */*
  [1m[36mSpace Load (0.4ms)[0m  [1m[34mSELECT "spaces".* FROM "spaces"[0m
[active_model_serializers]   [1m[36mNode Load (0.9ms)[0m  [1m[34mSELECT "nodes".* FROM "nodes" WHERE "nodes"."space_id" = $1[0m  [["space_id", 1]]
[active_model_serializers]   [1m[36mNode Load (0.4ms)[0m  [1m[34mSELECT "nodes".* FROM "nodes" WHERE "nodes"."space_id" = $1[0m  [["space_id", 2]]
[active_model_serializers] Rendered ActiveModel::Serializer::CollectionSerializer with ActiveModelSerializers::Adapter::Attributes (14.91ms)
Completed 200 OK in 18ms (Views: 16.0ms | ActiveRecord: 1.7ms)


